Using pre-set license
Built from '2020.3/staging' branch; Version is '2020.3.11f1 (99c7afb366b3) revision 10078127'; Using compiler version '192528614'; Build Type 'Release'
OS: 'Windows 10 Home; OS build 19041.1052; Version 2004; 64bit' Language: 'en' Physical Memory: 16335 MB
BatchMode: 1, IsHumanControllingUs: 0, StartBugReporterOnCrash: 0, Is64bit: 1, IsPro: 0

 COMMAND LINE ARGUMENTS:
C:\Program Files\Unity\Hub\Editor\2020.3.11f1\Editor\Unity.exe
-adb2
-batchMode
-noUpm
-name
AssetImportWorker1
-projectPath
C:/Users/bryler/Documents/programming/Unity/Sandbox Game
-logFile
Logs/AssetImportWorker1.log
-srvPort
59508
Successfully changed project path to: C:/Users/bryler/Documents/programming/Unity/Sandbox Game
C:/Users/bryler/Documents/programming/Unity/Sandbox Game
Using Asset Import Pipeline V2.
Refreshing native plugins compatible for Editor in 76.26 ms, found 3 plugins.
Preloading 0 native plugins for Editor in 0.00 ms.
Initialize engine version: 2020.3.11f1 (99c7afb366b3)
[Subsystems] Discovering subsystems at path C:/Program Files/Unity/Hub/Editor/2020.3.11f1/Editor/Data/Resources/UnitySubsystems
[Subsystems] Discovering subsystems at path C:/Users/bryler/Documents/programming/Unity/Sandbox Game/Assets
GfxDevice: creating device client; threaded=0
Direct3D:
    Version:  Direct3D 11.0 [level 11.1]
    Renderer: NVIDIA GeForce GTX 1050 Ti (ID=0x1c82)
    Vendor:   
    VRAM:     4018 MB
    Driver:   27.21.14.5671
Shader 'Universal Render Pipeline/Particles/Lit': fallback shader 'Universal Render Pipeline/Particles/SimpleLit' not found
Initialize mono
Mono path[0] = 'C:/Program Files/Unity/Hub/Editor/2020.3.11f1/Editor/Data/Managed'
Mono path[1] = 'C:/Program Files/Unity/Hub/Editor/2020.3.11f1/Editor/Data/MonoBleedingEdge/lib/mono/unityjit'
Mono config path = 'C:/Program Files/Unity/Hub/Editor/2020.3.11f1/Editor/Data/MonoBleedingEdge/etc'
Using monoOptions --debugger-agent=transport=dt_socket,embedding=1,server=y,suspend=n,address=127.0.0.1:56612
Begin MonoManager ReloadAssembly
Registering precompiled unity dll's ...
Register platform support module: C:/Program Files/Unity/Hub/Editor/2020.3.11f1/Editor/Data/PlaybackEngines/WebGLSupport/UnityEditor.WebGL.Extensions.dll
Register platform support module: C:/Program Files/Unity/Hub/Editor/2020.3.11f1/Editor/Data/PlaybackEngines/WindowsStandaloneSupport/UnityEditor.WindowsStandalone.Extensions.dll
Registered in 0.004954 seconds.
Native extension for WindowsStandalone target not found
Native extension for WebGL target not found
Refreshing native plugins compatible for Editor in 81.79 ms, found 3 plugins.
Preloading 0 native plugins for Editor in 0.00 ms.
Mono: successfully reloaded assembly
- Completed reload, in  2.015 seconds
Platform modules already initialized, skipping
Registering precompiled user dll's ...
Registered in 0.009184 seconds.
Begin MonoManager ReloadAssembly
Native extension for WindowsStandalone target not found
Native extension for WebGL target not found
Refreshing native plugins compatible for Editor in 70.99 ms, found 3 plugins.
Preloading 0 native plugins for Editor in 0.00 ms.
Mono: successfully reloaded assembly
- Completed reload, in  1.510 seconds
Platform modules already initialized, skipping
========================================================================
Worker process is ready to serve import requests
Shader 'Universal Render Pipeline/Particles/Lit': fallback shader 'Universal Render Pipeline/Particles/SimpleLit' not found
Launched and connected shader compiler UnityShaderCompiler.exe after 0.16 seconds
Refreshing native plugins compatible for Editor in 0.70 ms, found 3 plugins.
Preloading 0 native plugins for Editor in 0.00 ms.
Unloading 3250 Unused Serialized files (Serialized files now loaded: 0)
System memory in use before: 160.5 MB.
System memory in use after: 160.7 MB.

Unloading 28 unused Assets to reduce memory usage. Loaded Objects now: 3715.
Total: 2.730500 ms (FindLiveObjects: 0.323300 ms CreateObjectMapping: 0.090900 ms MarkObjects: 2.285600 ms  DeleteObjects: 0.029500 ms)

========================================================================
Received Prepare
Shader 'Universal Render Pipeline/Particles/Lit': fallback shader 'Universal Render Pipeline/Particles/SimpleLit' not found
Refreshing native plugins compatible for Editor in 7.27 ms, found 3 plugins.
Preloading 0 native plugins for Editor in 0.00 ms.
Unloading 15 Unused Serialized files (Serialized files now loaded: 0)
System memory in use before: 90.7 MB.
System memory in use after: 90.9 MB.

Unloading 15 unused Assets to reduce memory usage. Loaded Objects now: 3715.
Total: 2.946300 ms (FindLiveObjects: 0.324600 ms CreateObjectMapping: 0.089100 ms MarkObjects: 2.515100 ms  DeleteObjects: 0.016600 ms)

========================================================================
Received Import Request.
  path: Assets/Scenes/Game.unity
  artifactKey: Guid(2cda990e2423bbf4892e6590ba056729) Importer(815301076,1909f56bfc062723c751e8b465ee728b)
Start importing Assets/Scenes/Game.unity using Guid(2cda990e2423bbf4892e6590ba056729) Importer(815301076,1909f56bfc062723c751e8b465ee728b)  -> (artifact id: '615e0f7f6d5d9bfd56e90603d1337753') in 0.022301 seconds
  Import took 0.027323 seconds .

========================================================================
Received Prepare
Registering precompiled user dll's ...
Registered in 0.009107 seconds.
Begin MonoManager ReloadAssembly
Native extension for WindowsStandalone target not found
Native extension for WebGL target not found
Refreshing native plugins compatible for Editor in 0.78 ms, found 3 plugins.
Preloading 0 native plugins for Editor in 0.00 ms.
Mono: successfully reloaded assembly
- Completed reload, in  1.443 seconds
Platform modules already initialized, skipping
Shader 'Universal Render Pipeline/Particles/Lit': fallback shader 'Universal Render Pipeline/Particles/SimpleLit' not found
Refreshing native plugins compatible for Editor in 0.82 ms, found 3 plugins.
Preloading 0 native plugins for Editor in 0.00 ms.
Unloading 3170 Unused Serialized files (Serialized files now loaded: 0)
System memory in use before: 153.1 MB.
System memory in use after: 153.4 MB.

Unloading 18 unused Assets to reduce memory usage. Loaded Objects now: 3718.
Total: 3.033200 ms (FindLiveObjects: 0.332800 ms CreateObjectMapping: 0.092500 ms MarkObjects: 2.584400 ms  DeleteObjects: 0.021700 ms)

========================================================================
Received Import Request.
  Time since last request: 58.783363 seconds.
  path: Assets/Graphics/DirtWall.png
  artifactKey: Guid(485f797898a5f124496213bf29f036e2) Importer(815301076,1909f56bfc062723c751e8b465ee728b)
Start importing Assets/Graphics/DirtWall.png using Guid(485f797898a5f124496213bf29f036e2) Importer(815301076,1909f56bfc062723c751e8b465ee728b)  -> (artifact id: '72453d1a4014a03b1cc757223c13fb41') in 0.340456 seconds
  Import took 0.346002 seconds .

========================================================================
Received Import Request.
  Time since last request: 429.190923 seconds.
  path: Assets/Graphics/GrassBlocks.png
  artifactKey: Guid(228f8f7a11ab1254f9ef291f1b74d92a) Importer(815301076,1909f56bfc062723c751e8b465ee728b)
Start importing Assets/Graphics/GrassBlocks.png using Guid(228f8f7a11ab1254f9ef291f1b74d92a) Importer(815301076,1909f56bfc062723c751e8b465ee728b)  -> (artifact id: '816c4d4efdd40bbe8f3fe43f783204b1') in 0.029987 seconds
  Import took 0.035349 seconds .

========================================================================
Received Import Request.
  Time since last request: 5.901828 seconds.
  path: Assets/Graphics/GrassBlocks.png
  artifactKey: Guid(228f8f7a11ab1254f9ef291f1b74d92a) Importer(815301076,1909f56bfc062723c751e8b465ee728b)
Start importing Assets/Graphics/GrassBlocks.png using Guid(228f8f7a11ab1254f9ef291f1b74d92a) Importer(815301076,1909f56bfc062723c751e8b465ee728b)  -> (artifact id: '704d807ca422d377dd5893523f461b3f') in 0.016081 seconds
  Import took 0.021193 seconds .

========================================================================
Received Import Request.
  Time since last request: 219.153434 seconds.
  path: Assets/Scripts/RuleTileCloner.cs
  artifactKey: Guid(24e0b420671dd81418d2345d035fc1c8) Importer(815301076,1909f56bfc062723c751e8b465ee728b)
Start importing Assets/Scripts/RuleTileCloner.cs using Guid(24e0b420671dd81418d2345d035fc1c8) Importer(815301076,1909f56bfc062723c751e8b465ee728b)  -> (artifact id: '7a520548c3cb4ebfa93b3092800a89ea') in 0.015999 seconds
  Import took 0.021556 seconds .

========================================================================
Received Prepare
Registering precompiled user dll's ...
Registered in 0.008615 seconds.
Begin MonoManager ReloadAssembly
Native extension for WindowsStandalone target not found
Native extension for WebGL target not found
Refreshing native plugins compatible for Editor in 0.72 ms, found 3 plugins.
Preloading 0 native plugins for Editor in 0.00 ms.
Mono: successfully reloaded assembly
- Completed reload, in  1.354 seconds
Platform modules already initialized, skipping
Shader 'Universal Render Pipeline/Particles/Lit': fallback shader 'Universal Render Pipeline/Particles/SimpleLit' not found
Refreshing native plugins compatible for Editor in 0.72 ms, found 3 plugins.
Preloading 0 native plugins for Editor in 0.00 ms.
Unloading 3171 Unused Serialized files (Serialized files now loaded: 0)
System memory in use before: 156.2 MB.
System memory in use after: 156.5 MB.

Unloading 19 unused Assets to reduce memory usage. Loaded Objects now: 3747.
Total: 2.950000 ms (FindLiveObjects: 0.347700 ms CreateObjectMapping: 0.097800 ms MarkObjects: 2.477800 ms  DeleteObjects: 0.024600 ms)

========================================================================
Received Prepare
Registering precompiled user dll's ...
Registered in 0.008628 seconds.
Begin MonoManager ReloadAssembly
Native extension for WindowsStandalone target not found
Native extension for WebGL target not found
Refreshing native plugins compatible for Editor in 0.71 ms, found 3 plugins.
Preloading 0 native plugins for Editor in 0.00 ms.
Mono: successfully reloaded assembly
- Completed reload, in  1.326 seconds
Platform modules already initialized, skipping
Shader 'Universal Render Pipeline/Particles/Lit': fallback shader 'Universal Render Pipeline/Particles/SimpleLit' not found
Refreshing native plugins compatible for Editor in 0.72 ms, found 3 plugins.
Preloading 0 native plugins for Editor in 0.00 ms.
Unloading 3171 Unused Serialized files (Serialized files now loaded: 0)
System memory in use before: 156.2 MB.
System memory in use after: 156.5 MB.

Unloading 18 unused Assets to reduce memory usage. Loaded Objects now: 3750.
Total: 2.676000 ms (FindLiveObjects: 0.309400 ms CreateObjectMapping: 0.085300 ms MarkObjects: 2.259500 ms  DeleteObjects: 0.020300 ms)

========================================================================
Received Import Request.
  Time since last request: 19.299282 seconds.
  path: Assets/Scenes/Tools.unity
  artifactKey: Guid(5965e46141bb44a41840b8b6969ad6f5) Importer(815301076,1909f56bfc062723c751e8b465ee728b)
Start importing Assets/Scenes/Tools.unity using Guid(5965e46141bb44a41840b8b6969ad6f5) Importer(815301076,1909f56bfc062723c751e8b465ee728b)  -> (artifact id: '70150b587a797f266b64280c13c5746c') in 0.028157 seconds
  Import took 0.033254 seconds .

========================================================================
Received Import Request.
  Time since last request: 96.494587 seconds.
  path: Assets/TextMesh Pro/Sprites/EmojiOne.png
  artifactKey: Guid(dffef66376be4fa480fb02b19edbe903) Importer(815301076,1909f56bfc062723c751e8b465ee728b)
Start importing Assets/TextMesh Pro/Sprites/EmojiOne.png using Guid(dffef66376be4fa480fb02b19edbe903) Importer(815301076,1909f56bfc062723c751e8b465ee728b)  -> (artifact id: 'd78a27303d38c5bc73b55289faa0930d') in 0.048786 seconds
  Import took 0.054035 seconds .

========================================================================
Received Import Request.
  Time since last request: 0.000301 seconds.
  path: Assets/TextMesh Pro/Resources/Fonts & Materials/LiberationSans SDF.asset
  artifactKey: Guid(8f586378b4e144a9851e7b34d9b748ee) Importer(815301076,1909f56bfc062723c751e8b465ee728b)
Start importing Assets/TextMesh Pro/Resources/Fonts & Materials/LiberationSans SDF.asset using Guid(8f586378b4e144a9851e7b34d9b748ee) Importer(815301076,1909f56bfc062723c751e8b465ee728b)  -> (artifact id: '64b4399ea9f987c40438aa061296a6ed') in 0.123243 seconds
  Import took 0.128303 seconds .

========================================================================
Received Import Request.
  Time since last request: 0.000331 seconds.
  path: Assets/TextMesh Pro/Sprites/EmojiOne.png
  artifactKey: Guid(dffef66376be4fa480fb02b19edbe903) Importer(815301076,1909f56bfc062723c751e8b465ee728b)
Start importing Assets/TextMesh Pro/Sprites/EmojiOne.png using Guid(dffef66376be4fa480fb02b19edbe903) Importer(815301076,1909f56bfc062723c751e8b465ee728b)  -> (artifact id: 'd78a27303d38c5bc73b55289faa0930d') in 0.013603 seconds
  Import took 0.018339 seconds .

========================================================================
Received Import Request.
  Time since last request: 0.000351 seconds.
  path: Assets/TextMesh Pro/Resources/Fonts & Materials/LiberationSans SDF.asset
  artifactKey: Guid(8f586378b4e144a9851e7b34d9b748ee) Importer(815301076,1909f56bfc062723c751e8b465ee728b)
Start importing Assets/TextMesh Pro/Resources/Fonts & Materials/LiberationSans SDF.asset using Guid(8f586378b4e144a9851e7b34d9b748ee) Importer(815301076,1909f56bfc062723c751e8b465ee728b)  -> (artifact id: '64b4399ea9f987c40438aa061296a6ed') in 0.044022 seconds
  Import took 0.048725 seconds .

========================================================================
Received Import Request.
  Time since last request: 35.523452 seconds.
  path: Assets/Graphics/GrassBlocks.png
  artifactKey: Guid(228f8f7a11ab1254f9ef291f1b74d92a) Importer(815301076,1909f56bfc062723c751e8b465ee728b)
Start importing Assets/Graphics/GrassBlocks.png using Guid(228f8f7a11ab1254f9ef291f1b74d92a) Importer(815301076,1909f56bfc062723c751e8b465ee728b)  -> (artifact id: '2b572179f53bb005c7d86e14991fa101') in 0.017459 seconds
  Import took 0.022590 seconds .

========================================================================
Received Import Request.
  Time since last request: 12.222327 seconds.
  path: Assets/Graphics/GrassBlocks.png
  artifactKey: Guid(228f8f7a11ab1254f9ef291f1b74d92a) Importer(815301076,1909f56bfc062723c751e8b465ee728b)
Start importing Assets/Graphics/GrassBlocks.png using Guid(228f8f7a11ab1254f9ef291f1b74d92a) Importer(815301076,1909f56bfc062723c751e8b465ee728b)  -> (artifact id: 'be053cf377f877a610d9cb066f160523') in 0.126092 seconds
  Import took 0.131305 seconds .

========================================================================
Received Import Request.
  Time since last request: 14.074294 seconds.
  path: Assets/Graphics/GrassBlocks_RuleTile.asset
  artifactKey: Guid(7283dfe523a56354c95f9fb51144c12d) Importer(815301076,1909f56bfc062723c751e8b465ee728b)
Start importing Assets/Graphics/GrassBlocks_RuleTile.asset using Guid(7283dfe523a56354c95f9fb51144c12d) Importer(815301076,1909f56bfc062723c751e8b465ee728b)  -> (artifact id: '81cc0f5f7a2e516884789b307936a8a5') in 0.030077 seconds
  Import took 0.035544 seconds .

========================================================================
Received Import Request.
  Time since last request: 38.824850 seconds.
  path: Assets/Graphics/StoneBlocks_RuleTile.asset
  artifactKey: Guid(028936d903b8e7b499ba9af7036587f3) Importer(815301076,1909f56bfc062723c751e8b465ee728b)
Start importing Assets/Graphics/StoneBlocks_RuleTile.asset using Guid(028936d903b8e7b499ba9af7036587f3) Importer(815301076,1909f56bfc062723c751e8b465ee728b)  -> (artifact id: 'd83e90f2daab4d6361aa08d441635eab') in 0.023070 seconds
  Import took 0.028347 seconds .

========================================================================
Received Import Request.
  Time since last request: 25.646356 seconds.
  path: Assets/Graphics/GrassBlocks_RuleTile.asset
  artifactKey: Guid(392ef1c355209664f873140fbfb514eb) Importer(815301076,1909f56bfc062723c751e8b465ee728b)
Start importing Assets/Graphics/GrassBlocks_RuleTile.asset using Guid(392ef1c355209664f873140fbfb514eb) Importer(815301076,1909f56bfc062723c751e8b465ee728b)  -> (artifact id: '71be5edbac0bb591c3ad2acddf9f9689') in 0.012183 seconds
  Import took 0.017434 seconds .

========================================================================
Received Import Request.
  Time since last request: 0.005665 seconds.
  path: Assets/Graphics/GrassBlocks_RuleTile.asset
  artifactKey: Guid(392ef1c355209664f873140fbfb514eb) Importer(815301076,1909f56bfc062723c751e8b465ee728b)
Start importing Assets/Graphics/GrassBlocks_RuleTile.asset using Guid(392ef1c355209664f873140fbfb514eb) Importer(815301076,1909f56bfc062723c751e8b465ee728b)  -> (artifact id: '71be5edbac0bb591c3ad2acddf9f9689') in 0.011974 seconds
  Import took 0.017487 seconds .

========================================================================
Received Prepare
Registering precompiled user dll's ...
Registered in 0.008763 seconds.
Begin MonoManager ReloadAssembly
Native extension for WindowsStandalone target not found
Native extension for WebGL target not found
Refreshing native plugins compatible for Editor in 0.76 ms, found 3 plugins.
Preloading 0 native plugins for Editor in 0.00 ms.
Mono: successfully reloaded assembly
- Completed reload, in  1.342 seconds
Platform modules already initialized, skipping
Shader 'Universal Render Pipeline/Particles/Lit': fallback shader 'Universal Render Pipeline/Particles/SimpleLit' not found
Refreshing native plugins compatible for Editor in 0.71 ms, found 3 plugins.
Preloading 0 native plugins for Editor in 0.00 ms.
Unloading 3171 Unused Serialized files (Serialized files now loaded: 0)
System memory in use before: 156.6 MB.
System memory in use after: 156.8 MB.

Unloading 19 unused Assets to reduce memory usage. Loaded Objects now: 3795.
Total: 2.773500 ms (FindLiveObjects: 0.320000 ms CreateObjectMapping: 0.086000 ms MarkObjects: 2.343000 ms  DeleteObjects: 0.023000 ms)

========================================================================
Received Import Request.
  Time since last request: 104.673951 seconds.
  path: Assets/Graphics/GrassBlocks_RuleTile.asset
  artifactKey: Guid(c928b19c2c4800d4c939f07e381ffd7a) Importer(815301076,1909f56bfc062723c751e8b465ee728b)
Start importing Assets/Graphics/GrassBlocks_RuleTile.asset using Guid(c928b19c2c4800d4c939f07e381ffd7a) Importer(815301076,1909f56bfc062723c751e8b465ee728b)  -> (artifact id: 'ef0f006654db5c95c6ae583d92e5dd2c') in 0.054931 seconds
  Import took 0.060316 seconds .

========================================================================
Received Prepare
Registering precompiled user dll's ...
Registered in 0.008762 seconds.
Begin MonoManager ReloadAssembly
Native extension for WindowsStandalone target not found
Native extension for WebGL target not found
Refreshing native plugins compatible for Editor in 0.75 ms, found 3 plugins.
Preloading 0 native plugins for Editor in 0.00 ms.
Mono: successfully reloaded assembly
- Completed reload, in  1.355 seconds
Platform modules already initialized, skipping
Shader 'Universal Render Pipeline/Particles/Lit': fallback shader 'Universal Render Pipeline/Particles/SimpleLit' not found
Refreshing native plugins compatible for Editor in 0.75 ms, found 3 plugins.
Preloading 0 native plugins for Editor in 0.00 ms.
Unloading 3171 Unused Serialized files (Serialized files now loaded: 0)
System memory in use before: 156.6 MB.
System memory in use after: 156.8 MB.

Unloading 18 unused Assets to reduce memory usage. Loaded Objects now: 3799.
Total: 2.902700 ms (FindLiveObjects: 0.321400 ms CreateObjectMapping: 0.085500 ms MarkObjects: 2.471600 ms  DeleteObjects: 0.022800 ms)

========================================================================
Received Import Request.
  Time since last request: 108.544627 seconds.
  path: Assets/Graphics/GrassBlocks_RuleTile.asset
  artifactKey: Guid(b852588ef64a77a4ca1b777b38e8ac79) Importer(815301076,1909f56bfc062723c751e8b465ee728b)
Start importing Assets/Graphics/GrassBlocks_RuleTile.asset using Guid(b852588ef64a77a4ca1b777b38e8ac79) Importer(815301076,1909f56bfc062723c751e8b465ee728b)  -> (artifact id: 'e4524f775631f693db8f76e800aff9ae') in 0.056794 seconds
  Import took 0.062349 seconds .

========================================================================
Received Prepare
Registering precompiled user dll's ...
Registered in 0.008600 seconds.
Begin MonoManager ReloadAssembly
Native extension for WindowsStandalone target not found
Native extension for WebGL target not found
Refreshing native plugins compatible for Editor in 0.74 ms, found 3 plugins.
Preloading 0 native plugins for Editor in 0.00 ms.
Mono: successfully reloaded assembly
- Completed reload, in  1.349 seconds
Platform modules already initialized, skipping
Shader 'Universal Render Pipeline/Particles/Lit': fallback shader 'Universal Render Pipeline/Particles/SimpleLit' not found
Refreshing native plugins compatible for Editor in 0.80 ms, found 3 plugins.
Preloading 0 native plugins for Editor in 0.00 ms.
Unloading 3171 Unused Serialized files (Serialized files now loaded: 0)
System memory in use before: 156.6 MB.
System memory in use after: 156.9 MB.

Unloading 19 unused Assets to reduce memory usage. Loaded Objects now: 3803.
Total: 2.766500 ms (FindLiveObjects: 0.354300 ms CreateObjectMapping: 0.085600 ms MarkObjects: 2.303500 ms  DeleteObjects: 0.022200 ms)

========================================================================
Received Import Request.
  Time since last request: 71.189316 seconds.
  path: Assets/Graphics/GrassBlocks_RuleTile.asset
  artifactKey: Guid(51a4eeb7cf89ce64291668115f76743a) Importer(815301076,1909f56bfc062723c751e8b465ee728b)
Start importing Assets/Graphics/GrassBlocks_RuleTile.asset using Guid(51a4eeb7cf89ce64291668115f76743a) Importer(815301076,1909f56bfc062723c751e8b465ee728b)  -> (artifact id: '9ebf41dbfa444157751e03886377943b') in 0.053003 seconds
  Import took 0.058430 seconds .

========================================================================
Received Prepare
Registering precompiled user dll's ...
Registered in 0.008761 seconds.
Begin MonoManager ReloadAssembly
Native extension for WindowsStandalone target not found
Native extension for WebGL target not found
Refreshing native plugins compatible for Editor in 0.75 ms, found 3 plugins.
Preloading 0 native plugins for Editor in 0.00 ms.
Mono: successfully reloaded assembly
- Completed reload, in  1.335 seconds
Platform modules already initialized, skipping
Shader 'Universal Render Pipeline/Particles/Lit': fallback shader 'Universal Render Pipeline/Particles/SimpleLit' not found
Refreshing native plugins compatible for Editor in 0.72 ms, found 3 plugins.
Preloading 0 native plugins for Editor in 0.00 ms.
Unloading 3171 Unused Serialized files (Serialized files now loaded: 0)
System memory in use before: 156.6 MB.
System memory in use after: 156.9 MB.

Unloading 18 unused Assets to reduce memory usage. Loaded Objects now: 3807.
Total: 2.838200 ms (FindLiveObjects: 0.311900 ms CreateObjectMapping: 0.087000 ms MarkObjects: 2.417700 ms  DeleteObjects: 0.020000 ms)

========================================================================
Received Import Request.
  Time since last request: 52.299676 seconds.
  path: Assets/Graphics/GrassBlocks_RuleTile.asset
  artifactKey: Guid(caf21fe9b33e68c4595e486e1cae5874) Importer(815301076,1909f56bfc062723c751e8b465ee728b)
Start importing Assets/Graphics/GrassBlocks_RuleTile.asset using Guid(caf21fe9b33e68c4595e486e1cae5874) Importer(815301076,1909f56bfc062723c751e8b465ee728b)  -> (artifact id: 'f7eb26832c70f2ab17e3aeff5f279ed3') in 0.055459 seconds
  Import took 0.060973 seconds .

========================================================================
Received Prepare
Registering precompiled user dll's ...
Registered in 0.008595 seconds.
Begin MonoManager ReloadAssembly
Native extension for WindowsStandalone target not found
Native extension for WebGL target not found
Refreshing native plugins compatible for Editor in 0.73 ms, found 3 plugins.
Preloading 0 native plugins for Editor in 0.00 ms.
Mono: successfully reloaded assembly
- Completed reload, in  1.355 seconds
Platform modules already initialized, skipping
Shader 'Universal Render Pipeline/Particles/Lit': fallback shader 'Universal Render Pipeline/Particles/SimpleLit' not found
Refreshing native plugins compatible for Editor in 0.75 ms, found 3 plugins.
Preloading 0 native plugins for Editor in 0.00 ms.
Unloading 3171 Unused Serialized files (Serialized files now loaded: 0)
System memory in use before: 156.6 MB.
System memory in use after: 156.9 MB.

Unloading 18 unused Assets to reduce memory usage. Loaded Objects now: 3811.
Total: 2.793300 ms (FindLiveObjects: 0.364900 ms CreateObjectMapping: 0.086100 ms MarkObjects: 2.319900 ms  DeleteObjects: 0.021000 ms)

========================================================================
Received Import Request.
  Time since last request: 37.663245 seconds.
  path: Assets/Graphics/GrassBlocks_RuleTile.asset
  artifactKey: Guid(0e2e5e8101cf9d94084da82761f1da63) Importer(815301076,1909f56bfc062723c751e8b465ee728b)
Start importing Assets/Graphics/GrassBlocks_RuleTile.asset using Guid(0e2e5e8101cf9d94084da82761f1da63) Importer(815301076,1909f56bfc062723c751e8b465ee728b)  -> (artifact id: '40c0acbd88d21435168b8e6b3fd25cb6') in 0.066324 seconds
  Import took 0.071679 seconds .

========================================================================
Received Import Request.
  Time since last request: 0.005694 seconds.
  path: Assets/Graphics/GrassBlocks_RuleTile.asset
  artifactKey: Guid(0e2e5e8101cf9d94084da82761f1da63) Importer(815301076,1909f56bfc062723c751e8b465ee728b)
Start importing Assets/Graphics/GrassBlocks_RuleTile.asset using Guid(0e2e5e8101cf9d94084da82761f1da63) Importer(815301076,1909f56bfc062723c751e8b465ee728b)  -> (artifact id: '40c0acbd88d21435168b8e6b3fd25cb6') in 0.012580 seconds
  Import took 0.017970 seconds .

========================================================================
Received Prepare
Registering precompiled user dll's ...
Registered in 0.008967 seconds.
Begin MonoManager ReloadAssembly
Native extension for WindowsStandalone target not found
Native extension for WebGL target not found
Refreshing native plugins compatible for Editor in 0.73 ms, found 3 plugins.
Preloading 0 native plugins for Editor in 0.00 ms.
Mono: successfully reloaded assembly
- Completed reload, in  1.331 seconds
Platform modules already initialized, skipping
Shader 'Universal Render Pipeline/Particles/Lit': fallback shader 'Universal Render Pipeline/Particles/SimpleLit' not found
Refreshing native plugins compatible for Editor in 0.72 ms, found 3 plugins.
Preloading 0 native plugins for Editor in 0.00 ms.
Unloading 3171 Unused Serialized files (Serialized files now loaded: 0)
System memory in use before: 156.6 MB.
System memory in use after: 156.9 MB.

Unloading 18 unused Assets to reduce memory usage. Loaded Objects now: 3815.
Total: 2.750900 ms (FindLiveObjects: 0.303600 ms CreateObjectMapping: 0.086700 ms MarkObjects: 2.339400 ms  DeleteObjects: 0.020000 ms)

========================================================================
Received Import Request.
  Time since last request: 122.805861 seconds.
  path: Assets/Graphics/GrassBlocks.png
  artifactKey: Guid(228f8f7a11ab1254f9ef291f1b74d92a) Importer(815301076,1909f56bfc062723c751e8b465ee728b)
Start importing Assets/Graphics/GrassBlocks.png using Guid(228f8f7a11ab1254f9ef291f1b74d92a) Importer(815301076,1909f56bfc062723c751e8b465ee728b)  -> (artifact id: '1a7e0658bf6c38f5aff29a731de8a4a8') in 0.138612 seconds
  Import took 0.143898 seconds .

========================================================================
Received Import Request.
  Time since last request: 0.002122 seconds.
  path: Assets/Graphics/GrassBlocks.png
  artifactKey: Guid(228f8f7a11ab1254f9ef291f1b74d92a) Importer(815301076,1909f56bfc062723c751e8b465ee728b)
Start importing Assets/Graphics/GrassBlocks.png using Guid(228f8f7a11ab1254f9ef291f1b74d92a) Importer(815301076,1909f56bfc062723c751e8b465ee728b)  -> (artifact id: '1a7e0658bf6c38f5aff29a731de8a4a8') in 0.105114 seconds
  Import took 0.110054 seconds .

========================================================================
Received Import Request.
  Time since last request: 2.501983 seconds.
  path: Assets/Graphics/GrassBlocks_RuleTile.asset
  artifactKey: Guid(a40f7057bd6ec7346b2ca1c286914c05) Importer(815301076,1909f56bfc062723c751e8b465ee728b)
Start importing Assets/Graphics/GrassBlocks_RuleTile.asset using Guid(a40f7057bd6ec7346b2ca1c286914c05) Importer(815301076,1909f56bfc062723c751e8b465ee728b)  -> (artifact id: '565f553d053b8959a0b18f4ce2911976') in 0.024175 seconds
  Import took 0.029377 seconds .

========================================================================
Received Prepare
Registering precompiled user dll's ...
Registered in 0.008707 seconds.
Begin MonoManager ReloadAssembly
Native extension for WindowsStandalone target not found
Native extension for WebGL target not found
Refreshing native plugins compatible for Editor in 0.73 ms, found 3 plugins.
Preloading 0 native plugins for Editor in 0.00 ms.
Mono: successfully reloaded assembly
- Completed reload, in  1.344 seconds
Platform modules already initialized, skipping
Shader 'Universal Render Pipeline/Particles/Lit': fallback shader 'Universal Render Pipeline/Particles/SimpleLit' not found
Refreshing native plugins compatible for Editor in 0.76 ms, found 3 plugins.
Preloading 0 native plugins for Editor in 0.00 ms.
Unloading 3171 Unused Serialized files (Serialized files now loaded: 0)
System memory in use before: 156.7 MB.
System memory in use after: 156.9 MB.

Unloading 18 unused Assets to reduce memory usage. Loaded Objects now: 3820.
Total: 2.715100 ms (FindLiveObjects: 0.315900 ms CreateObjectMapping: 0.086000 ms MarkObjects: 2.292200 ms  DeleteObjects: 0.019600 ms)

========================================================================
Received Import Request.
  Time since last request: 305.867612 seconds.
  path: Assets/Graphics/GrassBlocks_RuleTile.asset
  artifactKey: Guid(dbed6cf10aed1dc47ba46313f1e92563) Importer(815301076,1909f56bfc062723c751e8b465ee728b)
Start importing Assets/Graphics/GrassBlocks_RuleTile.asset using Guid(dbed6cf10aed1dc47ba46313f1e92563) Importer(815301076,1909f56bfc062723c751e8b465ee728b)  -> (artifact id: 'b8c0d758b5bb60bca3a114a18d3d63a8') in 0.053240 seconds
  Import took 0.058496 seconds .

========================================================================
Received Prepare
Registering precompiled user dll's ...
Registered in 0.008594 seconds.
Begin MonoManager ReloadAssembly
Native extension for WindowsStandalone target not found
Native extension for WebGL target not found
Refreshing native plugins compatible for Editor in 0.73 ms, found 3 plugins.
Preloading 0 native plugins for Editor in 0.00 ms.
Mono: successfully reloaded assembly
- Completed reload, in  1.320 seconds
Platform modules already initialized, skipping
Shader 'Universal Render Pipeline/Particles/Lit': fallback shader 'Universal Render Pipeline/Particles/SimpleLit' not found
Refreshing native plugins compatible for Editor in 0.72 ms, found 3 plugins.
Preloading 0 native plugins for Editor in 0.00 ms.
Unloading 3171 Unused Serialized files (Serialized files now loaded: 0)
System memory in use before: 156.7 MB.
System memory in use after: 156.9 MB.

Unloading 18 unused Assets to reduce memory usage. Loaded Objects now: 3824.
Total: 2.826000 ms (FindLiveObjects: 0.333200 ms CreateObjectMapping: 0.086700 ms MarkObjects: 2.383800 ms  DeleteObjects: 0.021000 ms)

========================================================================
Received Import Request.
  Time since last request: 27.696501 seconds.
  path: Assets/Graphics/GrassBlocks_RuleTile.asset
  artifactKey: Guid(ad0e476e335826042b56778a51763cb3) Importer(815301076,1909f56bfc062723c751e8b465ee728b)
Start importing Assets/Graphics/GrassBlocks_RuleTile.asset using Guid(ad0e476e335826042b56778a51763cb3) Importer(815301076,1909f56bfc062723c751e8b465ee728b)  -> (artifact id: 'e9a5b2b2c099231a46f155721b3351e3') in 0.056537 seconds
  Import took 0.061977 seconds .

========================================================================
Received Import Request.
  Time since last request: 6.849394 seconds.
  path: Assets/Graphics/GrassBlocks_RuleTile.asset
  artifactKey: Guid(3172233c8b76585439d742b92731ad3f) Importer(815301076,1909f56bfc062723c751e8b465ee728b)
Start importing Assets/Graphics/GrassBlocks_RuleTile.asset using Guid(3172233c8b76585439d742b92731ad3f) Importer(815301076,1909f56bfc062723c751e8b465ee728b)  -> (artifact id: '893cea2b949efa8a646b353abdd21e3d') in 0.016611 seconds
  Import took 0.022003 seconds .

========================================================================
Received Prepare
Registering precompiled user dll's ...
Registered in 0.008631 seconds.
Begin MonoManager ReloadAssembly
Native extension for WindowsStandalone target not found
Native extension for WebGL target not found
Refreshing native plugins compatible for Editor in 0.76 ms, found 3 plugins.
Preloading 0 native plugins for Editor in 0.00 ms.
Mono: successfully reloaded assembly
- Completed reload, in  1.317 seconds
Platform modules already initialized, skipping
Shader 'Universal Render Pipeline/Particles/Lit': fallback shader 'Universal Render Pipeline/Particles/SimpleLit' not found
Refreshing native plugins compatible for Editor in 0.71 ms, found 3 plugins.
Preloading 0 native plugins for Editor in 0.00 ms.
Unloading 3171 Unused Serialized files (Serialized files now loaded: 0)
System memory in use before: 156.7 MB.
System memory in use after: 156.9 MB.

Unloading 18 unused Assets to reduce memory usage. Loaded Objects now: 3828.
Total: 2.709200 ms (FindLiveObjects: 0.311800 ms CreateObjectMapping: 0.087200 ms MarkObjects: 2.285300 ms  DeleteObjects: 0.023800 ms)

========================================================================
Received Import Request.
  Time since last request: 13.313094 seconds.
  path: Assets/Graphics/GrassBlocks_RuleTile.asset
  artifactKey: Guid(67c5dd4e375972d4b90647191206a449) Importer(815301076,1909f56bfc062723c751e8b465ee728b)
Start importing Assets/Graphics/GrassBlocks_RuleTile.asset using Guid(67c5dd4e375972d4b90647191206a449) Importer(815301076,1909f56bfc062723c751e8b465ee728b)  -> (artifact id: 'd210b3bb3ccd19bdd4e7cb6734425f85') in 0.053303 seconds
  Import took 0.058568 seconds .

========================================================================
Received Import Request.
  Time since last request: 0.019014 seconds.
  path: Assets/Graphics/GrassBlocks_RuleTile.asset
  artifactKey: Guid(67c5dd4e375972d4b90647191206a449) Importer(815301076,1909f56bfc062723c751e8b465ee728b)
Start importing Assets/Graphics/GrassBlocks_RuleTile.asset using Guid(67c5dd4e375972d4b90647191206a449) Importer(815301076,1909f56bfc062723c751e8b465ee728b)  -> (artifact id: 'd210b3bb3ccd19bdd4e7cb6734425f85') in 0.013277 seconds
  Import took 0.018165 seconds .

========================================================================
Received Import Request.
  Time since last request: 34.435519 seconds.
  path: Assets/Graphics/GrassBlocks_RuleTile.asset
  artifactKey: Guid(29518c847d483e641a8d947bc19efc0f) Importer(815301076,1909f56bfc062723c751e8b465ee728b)
Start importing Assets/Graphics/GrassBlocks_RuleTile.asset using Guid(29518c847d483e641a8d947bc19efc0f) Importer(815301076,1909f56bfc062723c751e8b465ee728b)  -> (artifact id: '2b5429ec57b030c62b17593d6ceba3ab') in 0.010997 seconds
  Import took 0.016075 seconds .

========================================================================
Received Import Request.
  Time since last request: 0.004963 seconds.
  path: Assets/Graphics/GrassBlocks_RuleTile.asset
  artifactKey: Guid(29518c847d483e641a8d947bc19efc0f) Importer(815301076,1909f56bfc062723c751e8b465ee728b)
Start importing Assets/Graphics/GrassBlocks_RuleTile.asset using Guid(29518c847d483e641a8d947bc19efc0f) Importer(815301076,1909f56bfc062723c751e8b465ee728b)  -> (artifact id: '2b5429ec57b030c62b17593d6ceba3ab') in 0.010730 seconds
  Import took 0.015640 seconds .

========================================================================
Received Prepare
Registering precompiled user dll's ...
Registered in 0.008681 seconds.
Begin MonoManager ReloadAssembly
Native extension for WindowsStandalone target not found
Native extension for WebGL target not found
Refreshing native plugins compatible for Editor in 0.72 ms, found 3 plugins.
Preloading 0 native plugins for Editor in 0.00 ms.
Mono: successfully reloaded assembly
- Completed reload, in  1.314 seconds
Platform modules already initialized, skipping
Shader 'Universal Render Pipeline/Particles/Lit': fallback shader 'Universal Render Pipeline/Particles/SimpleLit' not found
Refreshing native plugins compatible for Editor in 0.73 ms, found 3 plugins.
Preloading 0 native plugins for Editor in 0.00 ms.
Unloading 3171 Unused Serialized files (Serialized files now loaded: 0)
System memory in use before: 156.7 MB.
System memory in use after: 156.9 MB.

Unloading 18 unused Assets to reduce memory usage. Loaded Objects now: 3832.
Total: 2.746700 ms (FindLiveObjects: 0.328900 ms CreateObjectMapping: 0.085800 ms MarkObjects: 2.311200 ms  DeleteObjects: 0.019400 ms)

========================================================================
Received Import Request.
  Time since last request: 16.280406 seconds.
  path: Assets/Graphics/GrassBlocks_RuleTile.asset
  artifactKey: Guid(f902595a9d9a94e4cb61392b08d09684) Importer(815301076,1909f56bfc062723c751e8b465ee728b)
Start importing Assets/Graphics/GrassBlocks_RuleTile.asset using Guid(f902595a9d9a94e4cb61392b08d09684) Importer(815301076,1909f56bfc062723c751e8b465ee728b)  -> (artifact id: '7597288811c358ab0829768aa7146dce') in 0.054248 seconds
  Import took 0.059706 seconds .

========================================================================
Received Import Request.
  Time since last request: 21.861513 seconds.
  path: Assets/Graphics/GrassBlocks_RuleTile.asset
  artifactKey: Guid(0e9706b77f928ed4687968f59d977e03) Importer(815301076,1909f56bfc062723c751e8b465ee728b)
Start importing Assets/Graphics/GrassBlocks_RuleTile.asset using Guid(0e9706b77f928ed4687968f59d977e03) Importer(815301076,1909f56bfc062723c751e8b465ee728b)  -> (artifact id: '506d6e6458c029bc73998e3b49777c8c') in 0.012262 seconds
  Import took 0.017471 seconds .

========================================================================
Received Import Request.
  Time since last request: 0.000906 seconds.
  path: Assets/Graphics/GrassBlocks_RuleTile.asset
  artifactKey: Guid(0e9706b77f928ed4687968f59d977e03) Importer(815301076,1909f56bfc062723c751e8b465ee728b)
Start importing Assets/Graphics/GrassBlocks_RuleTile.asset using Guid(0e9706b77f928ed4687968f59d977e03) Importer(815301076,1909f56bfc062723c751e8b465ee728b)  -> (artifact id: '506d6e6458c029bc73998e3b49777c8c') in 0.014747 seconds
  Import took 0.020270 seconds .

========================================================================
Received Import Request.
  Time since last request: 10.005607 seconds.
  path: Assets/Tilemap/Foreground/Stone.asset
  artifactKey: Guid(ef106a8a704b97945b869e875e254e56) Importer(815301076,1909f56bfc062723c751e8b465ee728b)
Start importing Assets/Tilemap/Foreground/Stone.asset using Guid(ef106a8a704b97945b869e875e254e56) Importer(815301076,1909f56bfc062723c751e8b465ee728b)  -> (artifact id: '88dee8d0ce874517073978059386580a') in 0.019171 seconds
  Import took 0.024520 seconds .

========================================================================
Received Prepare
Registering precompiled user dll's ...
Registered in 0.008847 seconds.
Begin MonoManager ReloadAssembly
Native extension for WindowsStandalone target not found
Native extension for WebGL target not found
Refreshing native plugins compatible for Editor in 0.72 ms, found 3 plugins.
Preloading 0 native plugins for Editor in 0.00 ms.
Mono: successfully reloaded assembly
- Completed reload, in  1.327 seconds
Platform modules already initialized, skipping
Shader 'Universal Render Pipeline/Particles/Lit': fallback shader 'Universal Render Pipeline/Particles/SimpleLit' not found
Refreshing native plugins compatible for Editor in 0.74 ms, found 3 plugins.
Preloading 0 native plugins for Editor in 0.00 ms.
Unloading 3171 Unused Serialized files (Serialized files now loaded: 0)
System memory in use before: 156.8 MB.
System memory in use after: 157.1 MB.

Unloading 19 unused Assets to reduce memory usage. Loaded Objects now: 3836.
Total: 3.291700 ms (FindLiveObjects: 0.347200 ms CreateObjectMapping: 0.091700 ms MarkObjects: 2.824100 ms  DeleteObjects: 0.027000 ms)

========================================================================
Received Import Request.
  Time since last request: 35.788700 seconds.
  path: Assets/Graphics/GrassBlocks_RuleTile.asset
  artifactKey: Guid(5828f2589c8390f4a88cb7772287b0a7) Importer(815301076,1909f56bfc062723c751e8b465ee728b)
Start importing Assets/Graphics/GrassBlocks_RuleTile.asset using Guid(5828f2589c8390f4a88cb7772287b0a7) Importer(815301076,1909f56bfc062723c751e8b465ee728b)  -> (artifact id: 'c6203c066f51de318db20b61d2cbe1f7') in 0.054427 seconds
  Import took 0.059913 seconds .

========================================================================
Received Prepare
Registering precompiled user dll's ...
Registered in 0.008799 seconds.
Begin MonoManager ReloadAssembly
Native extension for WindowsStandalone target not found
Native extension for WebGL target not found
Refreshing native plugins compatible for Editor in 0.73 ms, found 3 plugins.
Preloading 0 native plugins for Editor in 0.00 ms.
Mono: successfully reloaded assembly
- Completed reload, in  1.321 seconds
Platform modules already initialized, skipping
Shader 'Universal Render Pipeline/Particles/Lit': fallback shader 'Universal Render Pipeline/Particles/SimpleLit' not found
Refreshing native plugins compatible for Editor in 0.71 ms, found 3 plugins.
Preloading 0 native plugins for Editor in 0.00 ms.
Unloading 3171 Unused Serialized files (Serialized files now loaded: 0)
System memory in use before: 156.8 MB.
System memory in use after: 157.0 MB.

Unloading 18 unused Assets to reduce memory usage. Loaded Objects now: 3840.
Total: 2.831900 ms (FindLiveObjects: 0.317900 ms CreateObjectMapping: 0.086900 ms MarkObjects: 2.404200 ms  DeleteObjects: 0.021900 ms)

========================================================================
Received Prepare
Registering precompiled user dll's ...
Registered in 0.008666 seconds.
Begin MonoManager ReloadAssembly
Native extension for WindowsStandalone target not found
Native extension for WebGL target not found
Refreshing native plugins compatible for Editor in 0.72 ms, found 3 plugins.
Preloading 0 native plugins for Editor in 0.00 ms.
Mono: successfully reloaded assembly
- Completed reload, in  1.318 seconds
Platform modules already initialized, skipping
Shader 'Universal Render Pipeline/Particles/Lit': fallback shader 'Universal Render Pipeline/Particles/SimpleLit' not found
Refreshing native plugins compatible for Editor in 0.72 ms, found 3 plugins.
Preloading 0 native plugins for Editor in 0.00 ms.
Unloading 3171 Unused Serialized files (Serialized files now loaded: 0)
System memory in use before: 156.8 MB.
System memory in use after: 157.1 MB.

Unloading 18 unused Assets to reduce memory usage. Loaded Objects now: 3843.
Total: 2.726000 ms (FindLiveObjects: 0.330500 ms CreateObjectMapping: 0.087300 ms MarkObjects: 2.287200 ms  DeleteObjects: 0.019400 ms)

========================================================================
Received Import Request.
  Time since last request: 133.917634 seconds.
  path: Assets/Graphics/GrassBlocks_RuleTile.asset
  artifactKey: Guid(55247f6051b3e8942a9f033dd7f6468d) Importer(815301076,1909f56bfc062723c751e8b465ee728b)
Start importing Assets/Graphics/GrassBlocks_RuleTile.asset using Guid(55247f6051b3e8942a9f033dd7f6468d) Importer(815301076,1909f56bfc062723c751e8b465ee728b)  -> (artifact id: '20d6bb0c6bbe7bee76c02762e26c81da') in 0.061091 seconds
  Import took 0.066578 seconds .

========================================================================
Received Import Request.
  Time since last request: 0.004244 seconds.
  path: Assets/Graphics/GrassBlocks_RuleTile.asset
  artifactKey: Guid(55247f6051b3e8942a9f033dd7f6468d) Importer(815301076,1909f56bfc062723c751e8b465ee728b)
Start importing Assets/Graphics/GrassBlocks_RuleTile.asset using Guid(55247f6051b3e8942a9f033dd7f6468d) Importer(815301076,1909f56bfc062723c751e8b465ee728b)  -> (artifact id: '20d6bb0c6bbe7bee76c02762e26c81da') in 0.014500 seconds
  Import took 0.019669 seconds .

========================================================================
Received Prepare
Registering precompiled user dll's ...
Registered in 0.008606 seconds.
Begin MonoManager ReloadAssembly
Native extension for WindowsStandalone target not found
Native extension for WebGL target not found
Refreshing native plugins compatible for Editor in 0.72 ms, found 3 plugins.
Preloading 0 native plugins for Editor in 0.00 ms.
Mono: successfully reloaded assembly
- Completed reload, in  1.332 seconds
Platform modules already initialized, skipping
Shader 'Universal Render Pipeline/Particles/Lit': fallback shader 'Universal Render Pipeline/Particles/SimpleLit' not found
Refreshing native plugins compatible for Editor in 0.72 ms, found 3 plugins.
Preloading 0 native plugins for Editor in 0.00 ms.
Unloading 3171 Unused Serialized files (Serialized files now loaded: 0)
System memory in use before: 156.9 MB.
System memory in use after: 157.1 MB.

Unloading 19 unused Assets to reduce memory usage. Loaded Objects now: 3847.
Total: 2.894800 ms (FindLiveObjects: 0.332500 ms CreateObjectMapping: 0.087800 ms MarkObjects: 2.449900 ms  DeleteObjects: 0.023500 ms)

========================================================================
Received Import Request.
  Time since last request: 34.927232 seconds.
  path: Assets/Graphics/GrassBlocks_RuleTile.asset
  artifactKey: Guid(98660c8b1a1b2414cb33e3bdb18c50a6) Importer(815301076,1909f56bfc062723c751e8b465ee728b)
Start importing Assets/Graphics/GrassBlocks_RuleTile.asset using Guid(98660c8b1a1b2414cb33e3bdb18c50a6) Importer(815301076,1909f56bfc062723c751e8b465ee728b)  -> (artifact id: '37185616753d1183a82cac2981917e83') in 0.059986 seconds
  Import took 0.065846 seconds .

========================================================================
Received Prepare
Registering precompiled user dll's ...
Registered in 0.008828 seconds.
Begin MonoManager ReloadAssembly
Native extension for WindowsStandalone target not found
Native extension for WebGL target not found
Refreshing native plugins compatible for Editor in 0.73 ms, found 3 plugins.
Preloading 0 native plugins for Editor in 0.00 ms.
Mono: successfully reloaded assembly
- Completed reload, in  1.339 seconds
Platform modules already initialized, skipping
Shader 'Universal Render Pipeline/Particles/Lit': fallback shader 'Universal Render Pipeline/Particles/SimpleLit' not found
Refreshing native plugins compatible for Editor in 0.74 ms, found 3 plugins.
Preloading 0 native plugins for Editor in 0.00 ms.
Unloading 3171 Unused Serialized files (Serialized files now loaded: 0)
System memory in use before: 156.9 MB.
System memory in use after: 157.1 MB.

Unloading 19 unused Assets to reduce memory usage. Loaded Objects now: 3851.
Total: 2.813500 ms (FindLiveObjects: 0.341700 ms CreateObjectMapping: 0.087300 ms MarkObjects: 2.362000 ms  DeleteObjects: 0.021100 ms)

========================================================================
Received Prepare
Registering precompiled user dll's ...
Registered in 0.008824 seconds.
Begin MonoManager ReloadAssembly
Native extension for WindowsStandalone target not found
Native extension for WebGL target not found
Refreshing native plugins compatible for Editor in 0.76 ms, found 3 plugins.
Preloading 0 native plugins for Editor in 0.00 ms.
Mono: successfully reloaded assembly
- Completed reload, in  1.320 seconds
Platform modules already initialized, skipping
Shader 'Universal Render Pipeline/Particles/Lit': fallback shader 'Universal Render Pipeline/Particles/SimpleLit' not found
Refreshing native plugins compatible for Editor in 0.74 ms, found 3 plugins.
Preloading 0 native plugins for Editor in 0.00 ms.
Unloading 3171 Unused Serialized files (Serialized files now loaded: 0)
System memory in use before: 156.9 MB.
System memory in use after: 157.1 MB.

Unloading 18 unused Assets to reduce memory usage. Loaded Objects now: 3854.
Total: 2.764600 ms (FindLiveObjects: 0.328300 ms CreateObjectMapping: 0.085700 ms MarkObjects: 2.328500 ms  DeleteObjects: 0.020900 ms)

========================================================================
Received Import Request.
  Time since last request: 214.245013 seconds.
  path: Assets/Graphics/GrassBlocks_RuleTile.asset
  artifactKey: Guid(92cfc1047e913dc4984cd1e3352cddb3) Importer(815301076,1909f56bfc062723c751e8b465ee728b)
Start importing Assets/Graphics/GrassBlocks_RuleTile.asset using Guid(92cfc1047e913dc4984cd1e3352cddb3) Importer(815301076,1909f56bfc062723c751e8b465ee728b)  -> (artifact id: '877638361c5d98f2cd375d56410af823') in 0.064214 seconds
  Import took 0.069749 seconds .

========================================================================
Received Import Request.
  Time since last request: 0.001044 seconds.
  path: Assets/Graphics/GrassBlocks_RuleTile.asset
  artifactKey: Guid(92cfc1047e913dc4984cd1e3352cddb3) Importer(815301076,1909f56bfc062723c751e8b465ee728b)
Start importing Assets/Graphics/GrassBlocks_RuleTile.asset using Guid(92cfc1047e913dc4984cd1e3352cddb3) Importer(815301076,1909f56bfc062723c751e8b465ee728b)  -> (artifact id: '877638361c5d98f2cd375d56410af823') in 0.011578 seconds
  Import took 0.016777 seconds .

========================================================================
Received Prepare
Registering precompiled user dll's ...
Registered in 0.008551 seconds.
Begin MonoManager ReloadAssembly
Native extension for WindowsStandalone target not found
Native extension for WebGL target not found
Refreshing native plugins compatible for Editor in 0.72 ms, found 3 plugins.
Preloading 0 native plugins for Editor in 0.00 ms.
Mono: successfully reloaded assembly
- Completed reload, in  1.343 seconds
Platform modules already initialized, skipping
Shader 'Universal Render Pipeline/Particles/Lit': fallback shader 'Universal Render Pipeline/Particles/SimpleLit' not found
Refreshing native plugins compatible for Editor in 0.72 ms, found 3 plugins.
Preloading 0 native plugins for Editor in 0.00 ms.
Unloading 3171 Unused Serialized files (Serialized files now loaded: 0)
System memory in use before: 156.9 MB.
System memory in use after: 157.1 MB.

Unloading 19 unused Assets to reduce memory usage. Loaded Objects now: 3858.
Total: 2.819800 ms (FindLiveObjects: 0.326100 ms CreateObjectMapping: 0.087400 ms MarkObjects: 2.384000 ms  DeleteObjects: 0.021200 ms)

========================================================================
Received Import Request.
  Time since last request: 21.944174 seconds.
  path: Assets/Graphics/GrassBlocks_RuleTile.asset
  artifactKey: Guid(de4d655f7bb52cb4db1451d9398234d1) Importer(815301076,1909f56bfc062723c751e8b465ee728b)
Start importing Assets/Graphics/GrassBlocks_RuleTile.asset using Guid(de4d655f7bb52cb4db1451d9398234d1) Importer(815301076,1909f56bfc062723c751e8b465ee728b)  -> (artifact id: 'c98114b4f1124f7f7f77c3b00396cad4') in 0.056074 seconds
  Import took 0.061596 seconds .

========================================================================
Received Prepare
Registering precompiled user dll's ...
Registered in 0.008706 seconds.
Begin MonoManager ReloadAssembly
Native extension for WindowsStandalone target not found
Native extension for WebGL target not found
Refreshing native plugins compatible for Editor in 0.72 ms, found 3 plugins.
Preloading 0 native plugins for Editor in 0.00 ms.
Mono: successfully reloaded assembly
- Completed reload, in  1.329 seconds
Platform modules already initialized, skipping
Shader 'Universal Render Pipeline/Particles/Lit': fallback shader 'Universal Render Pipeline/Particles/SimpleLit' not found
Refreshing native plugins compatible for Editor in 0.73 ms, found 3 plugins.
Preloading 0 native plugins for Editor in 0.00 ms.
Unloading 3171 Unused Serialized files (Serialized files now loaded: 0)
System memory in use before: 156.9 MB.
System memory in use after: 157.1 MB.

Unloading 19 unused Assets to reduce memory usage. Loaded Objects now: 3862.
Total: 2.785800 ms (FindLiveObjects: 0.322200 ms CreateObjectMapping: 0.086100 ms MarkObjects: 2.355500 ms  DeleteObjects: 0.020900 ms)

========================================================================
Received Prepare
Registering precompiled user dll's ...
Registered in 0.008599 seconds.
Begin MonoManager ReloadAssembly
Native extension for WindowsStandalone target not found
Native extension for WebGL target not found
Refreshing native plugins compatible for Editor in 0.73 ms, found 3 plugins.
Preloading 0 native plugins for Editor in 0.00 ms.
Mono: successfully reloaded assembly
- Completed reload, in  1.315 seconds
Platform modules already initialized, skipping
Shader 'Universal Render Pipeline/Particles/Lit': fallback shader 'Universal Render Pipeline/Particles/SimpleLit' not found
Refreshing native plugins compatible for Editor in 0.77 ms, found 3 plugins.
Preloading 0 native plugins for Editor in 0.00 ms.
Unloading 3171 Unused Serialized files (Serialized files now loaded: 0)
System memory in use before: 156.9 MB.
System memory in use after: 157.1 MB.

Unloading 18 unused Assets to reduce memory usage. Loaded Objects now: 3865.
Total: 2.711400 ms (FindLiveObjects: 0.316200 ms CreateObjectMapping: 0.086500 ms MarkObjects: 2.287900 ms  DeleteObjects: 0.019600 ms)

========================================================================
Received Import Request.
  Time since last request: 112.897022 seconds.
  path: Assets/Graphics/GrassBlocks_RuleTile.asset
  artifactKey: Guid(f8b09f15eea3118479adffe3f32e8956) Importer(815301076,1909f56bfc062723c751e8b465ee728b)
Start importing Assets/Graphics/GrassBlocks_RuleTile.asset using Guid(f8b09f15eea3118479adffe3f32e8956) Importer(815301076,1909f56bfc062723c751e8b465ee728b)  -> (artifact id: 'c21fb175a5b42d86fdb5479c9601c677') in 0.062024 seconds
  Import took 0.067594 seconds .

========================================================================
Received Import Request.
  Time since last request: 0.012052 seconds.
  path: Assets/Graphics/GrassBlocks_RuleTile.asset
  artifactKey: Guid(f8b09f15eea3118479adffe3f32e8956) Importer(815301076,1909f56bfc062723c751e8b465ee728b)
Start importing Assets/Graphics/GrassBlocks_RuleTile.asset using Guid(f8b09f15eea3118479adffe3f32e8956) Importer(815301076,1909f56bfc062723c751e8b465ee728b)  -> (artifact id: 'c21fb175a5b42d86fdb5479c9601c677') in 0.011937 seconds
  Import took 0.017196 seconds .

========================================================================
Received Import Request.
  Time since last request: 6.203968 seconds.
  path: Assets/Graphics/GrassBlocks_RuleTile.asset
  artifactKey: Guid(3fab01fa6fefc234589833c1420df8e7) Importer(815301076,1909f56bfc062723c751e8b465ee728b)
Start importing Assets/Graphics/GrassBlocks_RuleTile.asset using Guid(3fab01fa6fefc234589833c1420df8e7) Importer(815301076,1909f56bfc062723c751e8b465ee728b)  -> (artifact id: 'd8269c14a108b3cb019bc3362062528b') in 0.012168 seconds
  Import took 0.017373 seconds .

========================================================================
Received Import Request.
  Time since last request: 0.001166 seconds.
  path: Assets/Graphics/GrassBlocks_RuleTile.asset
  artifactKey: Guid(3fab01fa6fefc234589833c1420df8e7) Importer(815301076,1909f56bfc062723c751e8b465ee728b)
Start importing Assets/Graphics/GrassBlocks_RuleTile.asset using Guid(3fab01fa6fefc234589833c1420df8e7) Importer(815301076,1909f56bfc062723c751e8b465ee728b)  -> (artifact id: 'd8269c14a108b3cb019bc3362062528b') in 0.012260 seconds
  Import took 0.017306 seconds .

========================================================================
Received Prepare
Registering precompiled user dll's ...
Registered in 0.008642 seconds.
Begin MonoManager ReloadAssembly
Native extension for WindowsStandalone target not found
Native extension for WebGL target not found
Refreshing native plugins compatible for Editor in 0.75 ms, found 3 plugins.
Preloading 0 native plugins for Editor in 0.00 ms.
Mono: successfully reloaded assembly
- Completed reload, in  1.348 seconds
Platform modules already initialized, skipping
Shader 'Universal Render Pipeline/Particles/Lit': fallback shader 'Universal Render Pipeline/Particles/SimpleLit' not found
Refreshing native plugins compatible for Editor in 0.72 ms, found 3 plugins.
Preloading 0 native plugins for Editor in 0.00 ms.
Unloading 3171 Unused Serialized files (Serialized files now loaded: 0)
System memory in use before: 156.9 MB.
System memory in use after: 157.2 MB.

Unloading 19 unused Assets to reduce memory usage. Loaded Objects now: 3869.
Total: 2.813400 ms (FindLiveObjects: 0.336500 ms CreateObjectMapping: 0.086600 ms MarkObjects: 2.368200 ms  DeleteObjects: 0.020900 ms)

========================================================================
Received Prepare
Registering precompiled user dll's ...
Registered in 0.008653 seconds.
Begin MonoManager ReloadAssembly
Native extension for WindowsStandalone target not found
Native extension for WebGL target not found
Refreshing native plugins compatible for Editor in 0.75 ms, found 3 plugins.
Preloading 0 native plugins for Editor in 0.00 ms.
Mono: successfully reloaded assembly
- Completed reload, in  1.343 seconds
Platform modules already initialized, skipping
Shader 'Universal Render Pipeline/Particles/Lit': fallback shader 'Universal Render Pipeline/Particles/SimpleLit' not found
Refreshing native plugins compatible for Editor in 0.72 ms, found 3 plugins.
Preloading 0 native plugins for Editor in 0.00 ms.
Unloading 3171 Unused Serialized files (Serialized files now loaded: 0)
System memory in use before: 156.9 MB.
System memory in use after: 157.1 MB.

Unloading 18 unused Assets to reduce memory usage. Loaded Objects now: 3872.
Total: 2.778200 ms (FindLiveObjects: 0.324000 ms CreateObjectMapping: 0.086600 ms MarkObjects: 2.345100 ms  DeleteObjects: 0.021200 ms)

========================================================================
Received Import Request.
  Time since last request: 126.184753 seconds.
  path: Assets/Graphics/GrassBlocks_RuleTile.asset
  artifactKey: Guid(962ae9fe0ed5bb14f8b38edf5a2aaeb5) Importer(815301076,1909f56bfc062723c751e8b465ee728b)
Start importing Assets/Graphics/GrassBlocks_RuleTile.asset using Guid(962ae9fe0ed5bb14f8b38edf5a2aaeb5) Importer(815301076,1909f56bfc062723c751e8b465ee728b)  -> (artifact id: 'a256b1dfcf1154a5a5d297899cea4722') in 0.062857 seconds
  Import took 0.068310 seconds .

========================================================================
Received Import Request.
  Time since last request: 0.004556 seconds.
  path: Assets/Graphics/GrassBlocks_RuleTile.asset
  artifactKey: Guid(962ae9fe0ed5bb14f8b38edf5a2aaeb5) Importer(815301076,1909f56bfc062723c751e8b465ee728b)
Start importing Assets/Graphics/GrassBlocks_RuleTile.asset using Guid(962ae9fe0ed5bb14f8b38edf5a2aaeb5) Importer(815301076,1909f56bfc062723c751e8b465ee728b)  -> (artifact id: 'a256b1dfcf1154a5a5d297899cea4722') in 0.014482 seconds
  Import took 0.019577 seconds .

========================================================================
Received Import Request.
  Time since last request: 3.055102 seconds.
  path: Assets/Graphics/GrassBlocks_RuleTile.asset
  artifactKey: Guid(8562b065a89846b418dd5aa766cba745) Importer(815301076,1909f56bfc062723c751e8b465ee728b)
Start importing Assets/Graphics/GrassBlocks_RuleTile.asset using Guid(8562b065a89846b418dd5aa766cba745) Importer(815301076,1909f56bfc062723c751e8b465ee728b)  -> (artifact id: 'f2fb887b09b9d0ed91b35bd7183029d6') in 0.016228 seconds
  Import took 0.021477 seconds .

========================================================================
Received Import Request.
  Time since last request: 0.001029 seconds.
  path: Assets/Graphics/GrassBlocks_RuleTile.asset
  artifactKey: Guid(8562b065a89846b418dd5aa766cba745) Importer(815301076,1909f56bfc062723c751e8b465ee728b)
Start importing Assets/Graphics/GrassBlocks_RuleTile.asset using Guid(8562b065a89846b418dd5aa766cba745) Importer(815301076,1909f56bfc062723c751e8b465ee728b)  -> (artifact id: 'f2fb887b09b9d0ed91b35bd7183029d6') in 0.012635 seconds
  Import took 0.018094 seconds .

========================================================================
Received Import Request.
  Time since last request: 17.656472 seconds.
  path: Assets/Tilemap/Foreground/Stone.asset
  artifactKey: Guid(ef106a8a704b97945b869e875e254e56) Importer(815301076,1909f56bfc062723c751e8b465ee728b)
Start importing Assets/Tilemap/Foreground/Stone.asset using Guid(ef106a8a704b97945b869e875e254e56) Importer(815301076,1909f56bfc062723c751e8b465ee728b)  -> (artifact id: '014e44b3763cb73efe672aea7c2caa53') in 0.016420 seconds
  Import took 0.021667 seconds .

========================================================================
Received Import Request.
  Time since last request: 8.044261 seconds.
  path: Assets/Tilemap/Foreground/Stone.asset
  artifactKey: Guid(ef106a8a704b97945b869e875e254e56) Importer(815301076,1909f56bfc062723c751e8b465ee728b)
Start importing Assets/Tilemap/Foreground/Stone.asset using Guid(ef106a8a704b97945b869e875e254e56) Importer(815301076,1909f56bfc062723c751e8b465ee728b)  -> (artifact id: 'abb636ed8429e3c46af95eda17e721cd') in 0.017065 seconds
  Import took 0.022329 seconds .

========================================================================
Received Prepare
Registering precompiled user dll's ...
Registered in 0.009108 seconds.
Begin MonoManager ReloadAssembly
Native extension for WindowsStandalone target not found
Native extension for WebGL target not found
Refreshing native plugins compatible for Editor in 0.75 ms, found 3 plugins.
Preloading 0 native plugins for Editor in 0.00 ms.
Mono: successfully reloaded assembly
- Completed reload, in  1.333 seconds
Platform modules already initialized, skipping
Shader 'Universal Render Pipeline/Particles/Lit': fallback shader 'Universal Render Pipeline/Particles/SimpleLit' not found
Refreshing native plugins compatible for Editor in 0.72 ms, found 3 plugins.
Preloading 0 native plugins for Editor in 0.00 ms.
Unloading 3171 Unused Serialized files (Serialized files now loaded: 0)
System memory in use before: 157.0 MB.
System memory in use after: 157.2 MB.

Unloading 19 unused Assets to reduce memory usage. Loaded Objects now: 3876.
Total: 2.797900 ms (FindLiveObjects: 0.327600 ms CreateObjectMapping: 0.086200 ms MarkObjects: 2.362200 ms  DeleteObjects: 0.020600 ms)

========================================================================
Received Import Request.
  Time since last request: 60.451404 seconds.
  path: Assets/Graphics/GrassBlocks_RuleTile.asset
  artifactKey: Guid(489163c7b5e8e5440854e88360dfcf76) Importer(815301076,1909f56bfc062723c751e8b465ee728b)
Start importing Assets/Graphics/GrassBlocks_RuleTile.asset using Guid(489163c7b5e8e5440854e88360dfcf76) Importer(815301076,1909f56bfc062723c751e8b465ee728b)  -> (artifact id: '0da06e3e350ddb28113b1bf95afc21e1') in 0.060598 seconds
  Import took 0.066098 seconds .

========================================================================
Received Import Request.
  Time since last request: 0.000764 seconds.
  path: Assets/Graphics/GrassBlocks_RuleTile.asset
  artifactKey: Guid(489163c7b5e8e5440854e88360dfcf76) Importer(815301076,1909f56bfc062723c751e8b465ee728b)
Start importing Assets/Graphics/GrassBlocks_RuleTile.asset using Guid(489163c7b5e8e5440854e88360dfcf76) Importer(815301076,1909f56bfc062723c751e8b465ee728b)  -> (artifact id: '0da06e3e350ddb28113b1bf95afc21e1') in 0.014994 seconds
  Import took 0.020273 seconds .

========================================================================
Received Prepare
Registering precompiled user dll's ...
Registered in 0.008596 seconds.
Begin MonoManager ReloadAssembly
Native extension for WindowsStandalone target not found
Native extension for WebGL target not found
Refreshing native plugins compatible for Editor in 0.72 ms, found 3 plugins.
Preloading 0 native plugins for Editor in 0.00 ms.
Mono: successfully reloaded assembly
- Completed reload, in  1.316 seconds
Platform modules already initialized, skipping
Shader 'Universal Render Pipeline/Particles/Lit': fallback shader 'Universal Render Pipeline/Particles/SimpleLit' not found
Refreshing native plugins compatible for Editor in 0.76 ms, found 3 plugins.
Preloading 0 native plugins for Editor in 0.00 ms.
Unloading 3171 Unused Serialized files (Serialized files now loaded: 0)
System memory in use before: 157.0 MB.
System memory in use after: 157.2 MB.

Unloading 19 unused Assets to reduce memory usage. Loaded Objects now: 3880.
Total: 2.780200 ms (FindLiveObjects: 0.330700 ms CreateObjectMapping: 0.086700 ms MarkObjects: 2.340000 ms  DeleteObjects: 0.021500 ms)

========================================================================
Received Import Request.
  Time since last request: 44.594821 seconds.
  path: Assets/Tilemap/Foreground/Wood.asset
  artifactKey: Guid(fdc285ee75f7d64438ecf0c6a230de7b) Importer(815301076,1909f56bfc062723c751e8b465ee728b)
Start importing Assets/Tilemap/Foreground/Wood.asset using Guid(fdc285ee75f7d64438ecf0c6a230de7b) Importer(815301076,1909f56bfc062723c751e8b465ee728b)  -> (artifact id: '13199c46b0c59b887135fd91be0ea188') in 0.063020 seconds
  Import took 0.068881 seconds .

========================================================================
Received Import Request.
  Time since last request: 11.104838 seconds.
  path: Assets/Graphics/GrassBlocks_RuleTile.asset
  artifactKey: Guid(85a498bbffc8b7a448a68ef97ac1adbb) Importer(815301076,1909f56bfc062723c751e8b465ee728b)
Start importing Assets/Graphics/GrassBlocks_RuleTile.asset using Guid(85a498bbffc8b7a448a68ef97ac1adbb) Importer(815301076,1909f56bfc062723c751e8b465ee728b)  -> (artifact id: '030e5875700a8c363d96525e3d9ca69d') in 0.016818 seconds
  Import took 0.022402 seconds .

========================================================================
Received Prepare
Registering precompiled user dll's ...
Registered in 0.008668 seconds.
Begin MonoManager ReloadAssembly
Native extension for WindowsStandalone target not found
Native extension for WebGL target not found
Refreshing native plugins compatible for Editor in 0.73 ms, found 3 plugins.
Preloading 0 native plugins for Editor in 0.00 ms.
Mono: successfully reloaded assembly
- Completed reload, in  1.345 seconds
Platform modules already initialized, skipping
Shader 'Universal Render Pipeline/Particles/Lit': fallback shader 'Universal Render Pipeline/Particles/SimpleLit' not found
Refreshing native plugins compatible for Editor in 0.75 ms, found 3 plugins.
Preloading 0 native plugins for Editor in 0.00 ms.
Unloading 3171 Unused Serialized files (Serialized files now loaded: 0)
System memory in use before: 157.1 MB.
System memory in use after: 157.4 MB.

Unloading 19 unused Assets to reduce memory usage. Loaded Objects now: 3884.
Total: 3.279300 ms (FindLiveObjects: 0.421000 ms CreateObjectMapping: 0.097300 ms MarkObjects: 2.733700 ms  DeleteObjects: 0.025800 ms)

========================================================================
Received Prepare
Registering precompiled user dll's ...
Registered in 0.008691 seconds.
Begin MonoManager ReloadAssembly
Native extension for WindowsStandalone target not found
Native extension for WebGL target not found
Refreshing native plugins compatible for Editor in 0.72 ms, found 3 plugins.
Preloading 0 native plugins for Editor in 0.00 ms.
Mono: successfully reloaded assembly
- Completed reload, in  1.337 seconds
Platform modules already initialized, skipping
Shader 'Universal Render Pipeline/Particles/Lit': fallback shader 'Universal Render Pipeline/Particles/SimpleLit' not found
Refreshing native plugins compatible for Editor in 0.77 ms, found 3 plugins.
Preloading 0 native plugins for Editor in 0.00 ms.
Unloading 3171 Unused Serialized files (Serialized files now loaded: 0)
System memory in use before: 157.1 MB.
System memory in use after: 157.3 MB.

Unloading 18 unused Assets to reduce memory usage. Loaded Objects now: 3887.
Total: 3.004100 ms (FindLiveObjects: 0.369800 ms CreateObjectMapping: 0.091200 ms MarkObjects: 2.519500 ms  DeleteObjects: 0.021700 ms)

========================================================================
Received Import Request.
  Time since last request: 40.699487 seconds.
  path: Assets/Graphics/GrassBlocks_RuleTile.asset
  artifactKey: Guid(bd1b5fbd493ee7644b24672cb834955e) Importer(815301076,1909f56bfc062723c751e8b465ee728b)
Start importing Assets/Graphics/GrassBlocks_RuleTile.asset using Guid(bd1b5fbd493ee7644b24672cb834955e) Importer(815301076,1909f56bfc062723c751e8b465ee728b)  -> (artifact id: 'e6e2d644cce32b350fcdccf92e83e26a') in 0.063160 seconds
  Import took 0.069067 seconds .

========================================================================
Received Import Request.
  Time since last request: 0.005556 seconds.
  path: Assets/Graphics/GrassBlocks_RuleTile.asset
  artifactKey: Guid(bd1b5fbd493ee7644b24672cb834955e) Importer(815301076,1909f56bfc062723c751e8b465ee728b)
Start importing Assets/Graphics/GrassBlocks_RuleTile.asset using Guid(bd1b5fbd493ee7644b24672cb834955e) Importer(815301076,1909f56bfc062723c751e8b465ee728b)  -> (artifact id: 'e6e2d644cce32b350fcdccf92e83e26a') in 0.012342 seconds
  Import took 0.017760 seconds .

========================================================================
Received Import Request.
  Time since last request: 19.046410 seconds.
  path: Assets/Tilemap/Foreground/GrassB.asset
  artifactKey: Guid(bd1b5fbd493ee7644b24672cb834955e) Importer(815301076,1909f56bfc062723c751e8b465ee728b)
Start importing Assets/Tilemap/Foreground/GrassB.asset using Guid(bd1b5fbd493ee7644b24672cb834955e) Importer(815301076,1909f56bfc062723c751e8b465ee728b)  -> (artifact id: 'a944e58840154db11fc1819a59d733a0') in 0.018498 seconds
  Import took 0.023980 seconds .

========================================================================
Received Import Request.
  Time since last request: 0.383527 seconds.
  path: Assets/Tilemap/Foreground/Grass.asset
  artifactKey: Guid(f03d12f5953c8b546ad5345d300b3417) Importer(815301076,1909f56bfc062723c751e8b465ee728b)
Start importing Assets/Tilemap/Foreground/Grass.asset using Guid(f03d12f5953c8b546ad5345d300b3417) Importer(815301076,1909f56bfc062723c751e8b465ee728b)  -> (artifact id: '94150308f367b5146e11cea3260c88fe') in 0.022064 seconds
  Import took 0.027231 seconds .

========================================================================
Received Import Request.
  Time since last request: 9.250149 seconds.
  path: Assets/Tilemap/Foreground/Grass.asset
  artifactKey: Guid(bd1b5fbd493ee7644b24672cb834955e) Importer(815301076,1909f56bfc062723c751e8b465ee728b)
Start importing Assets/Tilemap/Foreground/Grass.asset using Guid(bd1b5fbd493ee7644b24672cb834955e) Importer(815301076,1909f56bfc062723c751e8b465ee728b)  -> (artifact id: 'b7e1870c2dbd5ceb0e2b23b5b45ef8c6') in 0.014826 seconds
  Import took 0.020045 seconds .

========================================================================
Received Import Request.
  Time since last request: 323.900948 seconds.
  path: Assets/Tilemap/Foreground/Dirt.asset
  artifactKey: Guid(115deafa0355eaa46bf3534e919c8da6) Importer(815301076,1909f56bfc062723c751e8b465ee728b)
Start importing Assets/Tilemap/Foreground/Dirt.asset using Guid(115deafa0355eaa46bf3534e919c8da6) Importer(815301076,1909f56bfc062723c751e8b465ee728b)  -> (artifact id: '86e8492683ad6dc6bf622e54f2524a47') in 0.018195 seconds
  Import took 0.023708 seconds .

========================================================================
Received Import Request.
  Time since last request: 5.982988 seconds.
  path: Assets/Data/Structures/BrokenDownShelter.asset
  artifactKey: Guid(6cc338f2fd9a5ed4bbdd19dfe6cd30c5) Importer(815301076,1909f56bfc062723c751e8b465ee728b)
Start importing Assets/Data/Structures/BrokenDownShelter.asset using Guid(6cc338f2fd9a5ed4bbdd19dfe6cd30c5) Importer(815301076,1909f56bfc062723c751e8b465ee728b)  -> (artifact id: '565ae2231e1fa2a0ae930feaf7e65f64') in 0.020389 seconds
  Import took 0.025774 seconds .

========================================================================
Received Import Request.
  Time since last request: 0.020675 seconds.
  path: Assets/Data/Structures/BrokenDownShelter.asset
  artifactKey: Guid(6cc338f2fd9a5ed4bbdd19dfe6cd30c5) Importer(815301076,1909f56bfc062723c751e8b465ee728b)
Start importing Assets/Data/Structures/BrokenDownShelter.asset using Guid(6cc338f2fd9a5ed4bbdd19dfe6cd30c5) Importer(815301076,1909f56bfc062723c751e8b465ee728b)  -> (artifact id: '565ae2231e1fa2a0ae930feaf7e65f64') in 0.017127 seconds
  Import took 0.022454 seconds .

========================================================================
Received Import Request.
  Time since last request: 9.454915 seconds.
  path: Assets/Data/Structures/BrokenDownShelter.asset
  artifactKey: Guid(6cc338f2fd9a5ed4bbdd19dfe6cd30c5) Importer(815301076,1909f56bfc062723c751e8b465ee728b)
Start importing Assets/Data/Structures/BrokenDownShelter.asset using Guid(6cc338f2fd9a5ed4bbdd19dfe6cd30c5) Importer(815301076,1909f56bfc062723c751e8b465ee728b)  -> (artifact id: '7413bd1b19b311b8fc1d4c46ed6c74cd') in 0.019315 seconds
  Import took 0.024764 seconds .

========================================================================
Received Import Request.
  Time since last request: 17.316786 seconds.
  path: Assets/Scenes/Tools.unity
  artifactKey: Guid(5965e46141bb44a41840b8b6969ad6f5) Importer(815301076,1909f56bfc062723c751e8b465ee728b)
Start importing Assets/Scenes/Tools.unity using Guid(5965e46141bb44a41840b8b6969ad6f5) Importer(815301076,1909f56bfc062723c751e8b465ee728b)  -> (artifact id: '22c7fbf613cbfa2569f6c7f30a081ace') in 0.011442 seconds
  Import took 0.016427 seconds .

========================================================================
Received Prepare
Registering precompiled user dll's ...
Registered in 0.009860 seconds.
Begin MonoManager ReloadAssembly
Native extension for WindowsStandalone target not found
Native extension for WebGL target not found
Refreshing native plugins compatible for Editor in 0.73 ms, found 3 plugins.
Preloading 0 native plugins for Editor in 0.00 ms.
Mono: successfully reloaded assembly
- Completed reload, in  1.339 seconds
Platform modules already initialized, skipping
Shader 'Universal Render Pipeline/Particles/Lit': fallback shader 'Universal Render Pipeline/Particles/SimpleLit' not found
Refreshing native plugins compatible for Editor in 0.73 ms, found 3 plugins.
Preloading 0 native plugins for Editor in 0.00 ms.
Unloading 3171 Unused Serialized files (Serialized files now loaded: 0)
System memory in use before: 157.2 MB.
System memory in use after: 157.4 MB.

Unloading 19 unused Assets to reduce memory usage. Loaded Objects now: 3892.
Total: 3.234300 ms (FindLiveObjects: 0.403300 ms CreateObjectMapping: 0.110300 ms MarkObjects: 2.694300 ms  DeleteObjects: 0.024300 ms)

========================================================================
Received Prepare
Registering precompiled user dll's ...
Registered in 0.008519 seconds.
Begin MonoManager ReloadAssembly
Native extension for WindowsStandalone target not found
Native extension for WebGL target not found
Refreshing native plugins compatible for Editor in 0.72 ms, found 3 plugins.
Preloading 0 native plugins for Editor in 0.00 ms.
Mono: successfully reloaded assembly
- Completed reload, in  1.337 seconds
Platform modules already initialized, skipping
Shader 'Universal Render Pipeline/Particles/Lit': fallback shader 'Universal Render Pipeline/Particles/SimpleLit' not found
Refreshing native plugins compatible for Editor in 0.73 ms, found 3 plugins.
Preloading 0 native plugins for Editor in 0.00 ms.
Unloading 3171 Unused Serialized files (Serialized files now loaded: 0)
System memory in use before: 157.2 MB.
System memory in use after: 157.4 MB.

Unloading 18 unused Assets to reduce memory usage. Loaded Objects now: 3895.
Total: 3.214300 ms (FindLiveObjects: 0.329700 ms CreateObjectMapping: 0.086700 ms MarkObjects: 2.770600 ms  DeleteObjects: 0.025500 ms)

========================================================================
Received Prepare
Registering precompiled user dll's ...
Registered in 0.008699 seconds.
Begin MonoManager ReloadAssembly
Native extension for WindowsStandalone target not found
Native extension for WebGL target not found
Refreshing native plugins compatible for Editor in 0.70 ms, found 3 plugins.
Preloading 0 native plugins for Editor in 0.00 ms.
Mono: successfully reloaded assembly
- Completed reload, in  1.312 seconds
Platform modules already initialized, skipping
Shader 'Universal Render Pipeline/Particles/Lit': fallback shader 'Universal Render Pipeline/Particles/SimpleLit' not found
Refreshing native plugins compatible for Editor in 0.73 ms, found 3 plugins.
Preloading 0 native plugins for Editor in 0.00 ms.
Unloading 3171 Unused Serialized files (Serialized files now loaded: 0)
System memory in use before: 157.2 MB.
System memory in use after: 157.4 MB.

Unloading 18 unused Assets to reduce memory usage. Loaded Objects now: 3898.
Total: 2.751400 ms (FindLiveObjects: 0.329700 ms CreateObjectMapping: 0.086100 ms MarkObjects: 2.315100 ms  DeleteObjects: 0.019400 ms)

========================================================================
Received Prepare
Registering precompiled user dll's ...
Registered in 0.008741 seconds.
Begin MonoManager ReloadAssembly
Native extension for WindowsStandalone target not found
Native extension for WebGL target not found
Refreshing native plugins compatible for Editor in 0.73 ms, found 3 plugins.
Preloading 0 native plugins for Editor in 0.00 ms.
Mono: successfully reloaded assembly
- Completed reload, in  1.323 seconds
Platform modules already initialized, skipping
Shader 'Universal Render Pipeline/Particles/Lit': fallback shader 'Universal Render Pipeline/Particles/SimpleLit' not found
Refreshing native plugins compatible for Editor in 0.72 ms, found 3 plugins.
Preloading 0 native plugins for Editor in 0.00 ms.
Unloading 3171 Unused Serialized files (Serialized files now loaded: 0)
System memory in use before: 157.2 MB.
System memory in use after: 157.4 MB.

Unloading 18 unused Assets to reduce memory usage. Loaded Objects now: 3901.
Total: 2.774700 ms (FindLiveObjects: 0.340900 ms CreateObjectMapping: 0.086500 ms MarkObjects: 2.326500 ms  DeleteObjects: 0.019500 ms)

========================================================================
Received Prepare
Registering precompiled user dll's ...
Registered in 0.008911 seconds.
Begin MonoManager ReloadAssembly
Native extension for WindowsStandalone target not found
Native extension for WebGL target not found
Refreshing native plugins compatible for Editor in 0.72 ms, found 3 plugins.
Preloading 0 native plugins for Editor in 0.00 ms.
Mono: successfully reloaded assembly
- Completed reload, in  1.327 seconds
Platform modules already initialized, skipping
Shader 'Universal Render Pipeline/Particles/Lit': fallback shader 'Universal Render Pipeline/Particles/SimpleLit' not found
Refreshing native plugins compatible for Editor in 0.74 ms, found 3 plugins.
Preloading 0 native plugins for Editor in 0.00 ms.
Unloading 3171 Unused Serialized files (Serialized files now loaded: 0)
System memory in use before: 157.2 MB.
System memory in use after: 157.4 MB.

Unloading 18 unused Assets to reduce memory usage. Loaded Objects now: 3904.
Total: 2.822800 ms (FindLiveObjects: 0.363900 ms CreateObjectMapping: 0.087400 ms MarkObjects: 2.348800 ms  DeleteObjects: 0.020800 ms)

========================================================================
Received Prepare
Registering precompiled user dll's ...
Registered in 0.010722 seconds.
Begin MonoManager ReloadAssembly
Native extension for WindowsStandalone target not found
Native extension for WebGL target not found
Refreshing native plugins compatible for Editor in 0.99 ms, found 3 plugins.
Preloading 0 native plugins for Editor in 0.00 ms.
Mono: successfully reloaded assembly
- Completed reload, in  1.464 seconds
Platform modules already initialized, skipping
Shader 'Universal Render Pipeline/Particles/Lit': fallback shader 'Universal Render Pipeline/Particles/SimpleLit' not found
Refreshing native plugins compatible for Editor in 0.73 ms, found 3 plugins.
Preloading 0 native plugins for Editor in 0.00 ms.
Unloading 3171 Unused Serialized files (Serialized files now loaded: 0)
System memory in use before: 157.2 MB.
System memory in use after: 157.4 MB.

Unloading 18 unused Assets to reduce memory usage. Loaded Objects now: 3907.
Total: 3.234200 ms (FindLiveObjects: 0.352700 ms CreateObjectMapping: 0.123800 ms MarkObjects: 2.627400 ms  DeleteObjects: 0.129100 ms)

========================================================================
Received Import Request.
  Time since last request: 1292.066315 seconds.
  path: Assets/Graphics/GrassBlocks.png
  artifactKey: Guid(228f8f7a11ab1254f9ef291f1b74d92a) Importer(815301076,1909f56bfc062723c751e8b465ee728b)
Start importing Assets/Graphics/GrassBlocks.png using Guid(228f8f7a11ab1254f9ef291f1b74d92a) Importer(815301076,1909f56bfc062723c751e8b465ee728b)  -> (artifact id: 'e0be4aa8e0e03a581d36cc51a613de29') in 0.162460 seconds
  Import took 0.169148 seconds .

========================================================================
Received Import Request.
  Time since last request: 12.864454 seconds.
  path: Assets/Sprite Atlas.spriteatlas
  artifactKey: Guid(15d60747e00df164cb07536dd4038d20) Importer(815301076,1909f56bfc062723c751e8b465ee728b)
Start importing Assets/Sprite Atlas.spriteatlas using Guid(15d60747e00df164cb07536dd4038d20) Importer(815301076,1909f56bfc062723c751e8b465ee728b)  -> (artifact id: '3feef980174d03d77d4f68e5c95b1c2a') in 0.015300 seconds
  Import took 0.020353 seconds .

========================================================================
Received Import Request.
  Time since last request: 0.008277 seconds.
  path: Assets/Sprite Atlas.spriteatlas
  artifactKey: Guid(15d60747e00df164cb07536dd4038d20) Importer(815301076,1909f56bfc062723c751e8b465ee728b)
Start importing Assets/Sprite Atlas.spriteatlas using Guid(15d60747e00df164cb07536dd4038d20) Importer(815301076,1909f56bfc062723c751e8b465ee728b)  -> (artifact id: '3feef980174d03d77d4f68e5c95b1c2a') in 0.009142 seconds
  Import took 0.014199 seconds .

========================================================================
Received Import Request.
  Time since last request: 5.040919 seconds.
  path: Assets/Sprite Atlas.spriteatlas
  artifactKey: Guid(15d60747e00df164cb07536dd4038d20) Importer(815301076,1909f56bfc062723c751e8b465ee728b)
Start importing Assets/Sprite Atlas.spriteatlas using Guid(15d60747e00df164cb07536dd4038d20) Importer(815301076,1909f56bfc062723c751e8b465ee728b)  -> (artifact id: 'cc7bd5c5863bf4489dc3cc88d75ece01') in 0.008976 seconds
  Import took 0.014808 seconds .

========================================================================
Received Prepare
Registering precompiled user dll's ...
Registered in 0.009023 seconds.
Begin MonoManager ReloadAssembly
Native extension for WindowsStandalone target not found
Native extension for WebGL target not found
Refreshing native plugins compatible for Editor in 0.73 ms, found 3 plugins.
Preloading 0 native plugins for Editor in 0.00 ms.
Mono: successfully reloaded assembly
- Completed reload, in  1.339 seconds
Platform modules already initialized, skipping
Shader 'Universal Render Pipeline/Particles/Lit': fallback shader 'Universal Render Pipeline/Particles/SimpleLit' not found
Refreshing native plugins compatible for Editor in 0.72 ms, found 3 plugins.
Preloading 0 native plugins for Editor in 0.00 ms.
Unloading 3171 Unused Serialized files (Serialized files now loaded: 0)
System memory in use before: 157.3 MB.
System memory in use after: 157.5 MB.

Unloading 19 unused Assets to reduce memory usage. Loaded Objects now: 3911.
Total: 2.952300 ms (FindLiveObjects: 0.346200 ms CreateObjectMapping: 0.086700 ms MarkObjects: 2.495500 ms  DeleteObjects: 0.022400 ms)

========================================================================
Received Import Request.
  Time since last request: 3225.842931 seconds.
  path: Assets/Sprite Atlas.spriteatlas
  artifactKey: Guid(15d60747e00df164cb07536dd4038d20) Importer(815301076,1909f56bfc062723c751e8b465ee728b)
Start importing Assets/Sprite Atlas.spriteatlas using Guid(15d60747e00df164cb07536dd4038d20) Importer(815301076,1909f56bfc062723c751e8b465ee728b)  -> (artifact id: '09de9b296d7d5843047dbe4f11d1f3df') in 0.023538 seconds
  Import took 0.028733 seconds .

========================================================================
Received Prepare
Registering precompiled user dll's ...
Registered in 0.009126 seconds.
Begin MonoManager ReloadAssembly
Native extension for WindowsStandalone target not found
Native extension for WebGL target not found
Refreshing native plugins compatible for Editor in 0.73 ms, found 3 plugins.
Preloading 0 native plugins for Editor in 0.00 ms.
Mono: successfully reloaded assembly
- Completed reload, in  1.392 seconds
Platform modules already initialized, skipping
Shader 'Universal Render Pipeline/Particles/Lit': fallback shader 'Universal Render Pipeline/Particles/SimpleLit' not found
Refreshing native plugins compatible for Editor in 0.73 ms, found 3 plugins.
Preloading 0 native plugins for Editor in 0.00 ms.
Unloading 3171 Unused Serialized files (Serialized files now loaded: 0)
System memory in use before: 157.3 MB.
System memory in use after: 157.5 MB.

Unloading 19 unused Assets to reduce memory usage. Loaded Objects now: 3914.
Total: 2.919600 ms (FindLiveObjects: 0.355900 ms CreateObjectMapping: 0.087500 ms MarkObjects: 2.453100 ms  DeleteObjects: 0.021800 ms)

