
=== Sun May 31 15:07:57 2020

Packages were changed.
Update Mode: mergeDefaultDependencies

The following packages were added:
  com.unity.collab-proxy@1.3.7
  com.unity.ide.rider@1.2.1
  com.unity.ide.visualstudio@2.0.1
  com.unity.ide.vscode@1.2.0
  com.unity.modules.ai@1.0.0
  com.unity.modules.androidjni@1.0.0
  com.unity.modules.animation@1.0.0
  com.unity.modules.assetbundle@1.0.0
  com.unity.modules.audio@1.0.0
  com.unity.modules.cloth@1.0.0
  com.unity.modules.director@1.0.0
  com.unity.modules.imageconversion@1.0.0
  com.unity.modules.imgui@1.0.0
  com.unity.modules.jsonserialize@1.0.0
  com.unity.modules.particlesystem@1.0.0
  com.unity.modules.physics@1.0.0
  com.unity.modules.physics2d@1.0.0
  com.unity.modules.screencapture@1.0.0
  com.unity.modules.terrain@1.0.0
  com.unity.modules.terrainphysics@1.0.0
  com.unity.modules.tilemap@1.0.0
  com.unity.modules.ui@1.0.0
  com.unity.modules.uielements@1.0.0
  com.unity.modules.umbra@1.0.0
  com.unity.modules.unityanalytics@1.0.0
  com.unity.modules.unitywebrequest@1.0.0
  com.unity.modules.unitywebrequestassetbundle@1.0.0
  com.unity.modules.unitywebrequestaudio@1.0.0
  com.unity.modules.unitywebrequesttexture@1.0.0
  com.unity.modules.unitywebrequestwww@1.0.0
  com.unity.modules.vehicles@1.0.0
  com.unity.modules.video@1.0.0
  com.unity.modules.vr@1.0.0
  com.unity.modules.wind@1.0.0
  com.unity.modules.xr@1.0.0
  com.unity.test-framework@1.1.13
  com.unity.textmeshpro@3.0.0-preview.1
  com.unity.timeline@1.3.2
  com.unity.ugui@1.0.0
The following packages were updated:
  com.unity.2d.animation from version 4.1.0 to 4.2.2
  com.unity.2d.pixel-perfect from version 3.0.0 to 3.0.2
  com.unity.2d.psdimporter from version 3.1.1 to 3.1.3
  com.unity.2d.spriteshape from version 4.0.0 to 4.1.0

=== Wed May 26 12:39:22 2021

Packages were changed.
Update Mode: updateDependencies

The following packages were updated:
  com.unity.2d.animation from version 4.2.4 to 5.0.4
  com.unity.2d.pixel-perfect from version 3.0.2 to 4.0.1
  com.unity.2d.psdimporter from version 3.1.4 to 4.0.2
  com.unity.2d.spriteshape from version 4.1.1 to 5.1.1
  com.unity.collab-proxy from version 1.3.7 to 1.3.9
  com.unity.ide.rider from version 1.2.1 to 2.0.7
  com.unity.ide.visualstudio from version 2.0.1 to 2.0.7
  com.unity.ide.vscode from version 1.2.0 to 1.2.3
  com.unity.test-framework from version 1.1.13 to 1.1.24
  com.unity.textmeshpro from version 3.0.0-preview.13 to 3.0.1
  com.unity.timeline from version 1.3.2 to 1.4.7

=== Fri Jun  4 20:42:41 2021

Packages were changed.
Update Mode: updateDependencies

The following packages were updated:
  com.unity.2d.animation from version 5.0.4 to 5.0.5
  com.unity.2d.spriteshape from version 5.1.1 to 5.1.2
  com.unity.collab-proxy from version 1.3.9 to 1.5.7
  com.unity.ide.visualstudio from version 2.0.7 to 2.0.8
  com.unity.render-pipelines.universal from version 10.4.0 to 10.5.0
  com.unity.textmeshpro from version 3.0.1 to 3.0.6
  com.unity.timeline from version 1.4.7 to 1.4.8

=== Sat Sep  4 11:11:13 2021

Packages were changed.
Update Mode: updateDependencies

The following packages were updated:
  com.unity.2d.animation from version 5.0.5 to 5.0.6
  com.unity.2d.psdimporter from version 4.0.2 to 4.1.0
  com.unity.2d.spriteshape from version 5.1.2 to 5.1.3
  com.unity.collab-proxy from version 1.5.7 to 1.7.1
  com.unity.ide.visualstudio from version 2.0.8 to 2.0.9
  com.unity.test-framework from version 1.1.24 to 1.1.27

=== Thu Oct 28 21:00:19 2021

Packages were changed.
Update Mode: updateDependencies

The following packages were updated:
  com.unity.2d.animation from version 5.0.6 to 6.0.5
  com.unity.2d.pixel-perfect from version 4.0.1 to 5.0.1
  com.unity.2d.psdimporter from version 4.1.0 to 5.0.4
  com.unity.2d.spriteshape from version 5.1.3 to 6.0.1
  com.unity.collab-proxy from version 1.7.1 to 1.9.0
  com.unity.ide.rider from version 2.0.7 to 3.0.7
  com.unity.render-pipelines.universal from version 10.5.1 to 11.0.0
  com.unity.timeline from version 1.4.8 to 1.5.6

=== Sat Nov 27 16:55:57 2021

Packages were changed.
Update Mode: updateDependencies

The following packages were updated:
  com.unity.2d.animation from version 6.0.5 to 7.0.1
  com.unity.2d.psdimporter from version 5.0.4 to 6.0.1
  com.unity.2d.spriteshape from version 6.0.1 to 7.0.2
  com.unity.collab-proxy from version 1.9.0 to 1.15.1
  com.unity.render-pipelines.universal from version 11.0.0 to 12.1.1
  com.unity.timeline from version 1.5.6 to 1.6.2

=== Mon Jan  3 15:55:39 2022

Packages were changed.
Update Mode: updateDependencies

The following packages were updated:
  com.unity.2d.animation from version 7.0.1 to 7.0.2
  com.unity.2d.spriteshape from version 7.0.2 to 7.0.3
  com.unity.collab-proxy from version 1.15.1 to 1.15.4
  com.unity.ide.visualstudio from version 2.0.11 to 2.0.12
  com.unity.postprocessing from version 3.1.1 to 3.2.0
  com.unity.render-pipelines.universal from version 12.1.1 to 12.1.2
  com.unity.timeline from version 1.6.2 to 1.6.3
